Traceback (most recent call last):
  File "D:/учеба/Мигребот/main.py", line 66, in main
    app.run()
  File "D:\Python\lib\site-packages\kivy\app.py", line 829, in run
    root = self.build()
  File "D:\учеба\Мигребот\migren.py", line 75, in build
    self.load_all_kv_files(os.path.join(self.directory, 'libs', 'uix', 'kv'))
  File "D:\учеба\Мигребот\migren.py", line 87, in load_all_kv_files
    Builder.load_string(kv.read())
  File "D:\Python\lib\site-packages\kivy\lang\builder.py", line 368, in load_string
    parser = Parser(content=string, filename=fn)
  File "D:\Python\lib\site-packages\kivy\lang\parser.py", line 401, in __init__
    self.parse(content)
  File "D:\Python\lib\site-packages\kivy\lang\parser.py", line 510, in parse
    objects, remaining_lines = self.parse_level(0, lines)
  File "D:\Python\lib\site-packages\kivy\lang\parser.py", line 592, in parse_level
    current_object = ParserRule(self, ln, name, rlevel)
  File "D:\Python\lib\site-packages\kivy\lang\parser.py", line 251, in __init__
    self._detect_selectors()
  File "D:\Python\lib\site-packages\kivy\lang\parser.py", line 293, in _detect_selectors
    self._build_rule()
  File "D:\Python\lib\site-packages\kivy\lang\parser.py", line 309, in _build_rule
    'Invalid rule (must be inside <>)')
kivy.lang.parser.ParserException: Parser: File "<inline>", line 17:
...
     15:    name: 'base'
     16:
>>   17:<<<<<<< HEAD
     18:    BoxLayout:
     19:        orientation: 'vertical'
...
Invalid rule (must be inside <>)
